<?xml version="1.0" encoding="UTF-8"?>
<testsuite name="kr.ac.jejunu.UserDaoTests" tests="3" skipped="0" failures="0" errors="0" timestamp="2021-04-09T08:50:55" hostname="Hyuns-MacBookPro.local" time="0.494">
  <properties/>
  <testcase name="insert()" classname="kr.ac.jejunu.UserDaoTests" time="0.409"/>
  <testcase name="update()" classname="kr.ac.jejunu.UserDaoTests" time="0.064"/>
  <testcase name="get()" classname="kr.ac.jejunu.UserDaoTests" time="0.019"/>
  <system-out><![CDATA[]]></system-out>
  <system-err><![CDATA[]]></system-err>
</testsuite>
