<?xml version="1.0" encoding="UTF-8"?>
<testsuite name="kr.ac.jejunu.UserDaoTests" tests="2" skipped="0" failures="0" errors="0" timestamp="2021-03-26T09:08:30" hostname="Hyuns-MacBookPro.local" time="0.46">
  <properties/>
  <testcase name="insert()" classname="kr.ac.jejunu.UserDaoTests" time="0.438"/>
  <testcase name="get()" classname="kr.ac.jejunu.UserDaoTests" time="0.021"/>
  <system-out><![CDATA[]]></system-out>
  <system-err><![CDATA[]]></system-err>
</testsuite>
